
[2025-03-12 01:28:16] ==== INICIANDO UPLOAD EM GERAR-SCRIPT.PHP ====
[2025-03-12 01:28:16] Arquivo recebido: 1.pdf
[2025-03-12 01:28:16] Tamanho: 50183 bytes
[2025-03-12 01:28:16] Tipo: application/pdf
[2025-03-12 01:28:16] MIME detectado: application/octet-stream
[2025-03-12 01:28:16] ERRO: Tipo de arquivo não permitido. Use apenas PDF.

[2025-03-12 01:30:07] ==== INICIANDO UPLOAD EM GERAR-SCRIPT.PHP ====
[2025-03-12 01:30:07] Arquivo recebido: 3.pdf
[2025-03-12 01:30:07] Tamanho: 49784 bytes
[2025-03-12 01:30:07] Tipo: application/pdf
[2025-03-12 01:30:07] MIME detectado: application/octet-stream
[2025-03-12 01:30:07] ERRO: Tipo de arquivo não permitido. Use apenas PDF.

[2025-03-12 01:30:47] ==== PROCESSANDO UPLOAD SIMPLES ====
[2025-03-12 01:30:47] upload_max_filesize: 2M
[2025-03-12 01:30:47] post_max_size: 8M
[2025-03-12 01:30:47] Informações do upload: Array
(
    [name] => 1.pdf
    [full_path] => 1.pdf
    [type] => application/pdf
    [tmp_name] => /tmp/phpSZm6NO
    [error] => 0
    [size] => 50183
)

[2025-03-12 01:30:47] Tentando mover para: /var/www/html/soudigital/uploads/test_files/67d0e3c713432_1.pdf
[2025-03-12 01:30:47] Upload bem-sucedido: /var/www/html/soudigital/uploads/test_files/67d0e3c713432_1.pdf
